<?xml version="1.0" encoding="UTF-8"?>
<testng-results ignored="0" total="1" passed="1" failed="0" skipped="0">
  <reporter-output>
  </reporter-output>
  <suite started-at="2023-07-07T14:55:52 EEST" name="Default suite" finished-at="2023-07-07T14:55:55 EEST" duration-ms="2578">
    <groups>
    </groups>
    <test started-at="2023-07-07T14:55:52 EEST" name="Default test" finished-at="2023-07-07T14:55:55 EEST" duration-ms="2578">
      <class name="API.RestAssuredAPI.JSONSchemaValidation">
        <test-method signature="testJSONSchemaValidation()[pri:0, instance:API.RestAssuredAPI.JSONSchemaValidation@7b9a4292]" started-at="2023-07-07T14:55:52 EEST" name="testJSONSchemaValidation" finished-at="2023-07-07T14:55:55 EEST" duration-ms="2514" status="PASS">
          <reporter-output>
          </reporter-output>
        </test-method> <!-- testJSONSchemaValidation -->
      </class> <!-- API.RestAssuredAPI.JSONSchemaValidation -->
    </test> <!-- Default test -->
  </suite> <!-- Default suite -->
</testng-results>
